C51 COMPILER V9.60.0.0   ADC0808                                                           12/15/2022 15:32:55 PAGE 1   


C51 COMPILER V9.60.0.0, COMPILATION OF MODULE ADC0808
OBJECT MODULE PLACED IN .\output\ADC0808.obj
COMPILER INVOKED BY: D:\Keil_v5\C51\BIN\C51.EXE src\ADC0808\ADC0808.c OPTIMIZE(8,SPEED) BROWSE INCDIR(.\src\ADC0808;.\sr
                    -c\DAC0832;.\src\delay;.\src\Init;.\src\IO8155;.\src\reflash;.\src\voltCalc) DEBUG OBJECTEXTEND PRINT(.\Listings\ADC0808.
                    -lst) TABS(2) OBJECT(.\output\ADC0808.obj)

line level    source

   1          #include "ADC0808.h"
   2          /// @brief ADC0808的初始化函数
   3          void Init0808()
   4          {
   5   1        unEN_0808 = 0;
   6   1        port = P1;
   7   1        port = port & 0x0F;
   8   1        ioC = port; // 第一次读取并设置端口
   9   1        unEN_0808 = 1;
  10   1      }
  11          /// @brief 获取当前端口指向的模拟量
  12          /// @return 得到的模拟量
  13          uchar getVolt()
  14          {
  15   1        uchar tmp;
  16   1        unEN_0808 = 0;
  17   1        PBYTE[0xFF] = 0; // 虚写启动，后续读取类似，地址均为虚拟
  18   1        for (tmp = 5; tmp > 0; tmp--);
  19   1        while (EOC != 1); // 由于滤波过程中没有其他任务，故采用等待的方法
  20   1        tmp = PBYTE[0xFF];
  21   1        unEN_0808 = 1;
  22   1        return tmp;
  23   1      }


MODULE INFORMATION:   STATIC OVERLAYABLE
   CODE SIZE        =     47    ----
   CONSTANT SIZE    =   ----    ----
   XDATA SIZE       =   ----    ----
   PDATA SIZE       =   ----    ----
   DATA SIZE        =   ----    ----
   IDATA SIZE       =   ----    ----
   BIT SIZE         =   ----    ----
END OF MODULE INFORMATION.


C51 COMPILATION COMPLETE.  0 WARNING(S),  0 ERROR(S)
