C51 COMPILER V9.60.0.0   DAC0832                                                           12/12/2022 16:15:19 PAGE 1   


C51 COMPILER V9.60.0.0, COMPILATION OF MODULE DAC0832
OBJECT MODULE PLACED IN .\Objects\DAC0832.obj
COMPILER INVOKED BY: D:\Keil_v5\C51\BIN\C51.EXE DAC0832.c OPTIMIZE(8,SPEED) PRINT(.\Listings\DAC0832.lst) TABS(2) OBJECT
                    -(.\Objects\DAC0832.obj)

line level    source

   1          #include <AT89X52.h>
   2          #include <absacc.h>
   3          #include "Init.h"
   4          #include "DAC0832.h"
   5          /// @brief 初始化DAC0832芯片
   6          void Init0832()
   7          {
   8   1        XFER_0832 = 0;
   9   1        CS_0832 = 0;
  10   1        ioA = volt;//给出电压
  11   1        PBYTE[0xFF] = 0;//虚写启动转换，单缓冲
  12   1        CS_0832 = 1;
  13   1      }
  14          /// @brief 对DAC0832芯片进行状态更新
  15          void reflash0832()
  16          {
  17   1        CS_0832 = 0;
  18   1        PBYTE[0xFF] = 0;//虚写启动转换，单缓冲
  19   1        CS_0832 = 1;
  20   1      }


MODULE INFORMATION:   STATIC OVERLAYABLE
   CODE SIZE        =     25    ----
   CONSTANT SIZE    =   ----    ----
   XDATA SIZE       =   ----    ----
   PDATA SIZE       =   ----    ----
   DATA SIZE        =   ----    ----
   IDATA SIZE       =   ----    ----
   BIT SIZE         =   ----    ----
END OF MODULE INFORMATION.


C51 COMPILATION COMPLETE.  0 WARNING(S),  0 ERROR(S)
