C51 COMPILER V9.60.0.0   IO8155                                                            12/15/2022 15:32:55 PAGE 1   


C51 COMPILER V9.60.0.0, COMPILATION OF MODULE IO8155
OBJECT MODULE PLACED IN .\output\IO8155.obj
COMPILER INVOKED BY: D:\Keil_v5\C51\BIN\C51.EXE src\IO8155\IO8155.c OPTIMIZE(8,SPEED) BROWSE INCDIR(.\src\ADC0808;.\src\
                    -DAC0832;.\src\delay;.\src\Init;.\src\IO8155;.\src\reflash;.\src\voltCalc) DEBUG OBJECTEXTEND PRINT(.\Listings\IO8155.lst
                    -) TABS(2) OBJECT(.\output\IO8155.obj)

line level    source

   1          #include "IO8155.h"
   2          /// @brief 初始化8155芯片
   3          void Init8155()
   4          {
   5   1        CS_8155 = 0;
   6   1        IOM_8155 = 1;
   7   1        ioSet = 0x8F;//设置为三口均输出，定时器停止工作，禁用中断
   8   1        ioA = volt;
   9   1        ioC = port;//初始值送出
  10   1        CS_8155 = 1;
  11   1      }
  12          /// @brief 向A口输出转换后电压的数字量
  13          void pushVolt()
  14          {
  15   1        CS_8155 = 0;
  16   1        ioA = volt;
  17   1        CS_8155 = 1;
  18   1      }
  19          /// @brief 向C口输出待转换端口
  20          void pushPort()
  21          {
  22   1        CS_8155 = 0;
  23   1        ioC = port;
  24   1        CS_8155 = 1;
  25   1      }
  26          
  27          /// @brief debug:向B口输出滤波方式
  28          void pushFilt()
  29          {
  30   1        CS_8155 = 0;
  31   1        ioB = filt;
  32   1        CS_8155 = 1;
  33   1      }


MODULE INFORMATION:   STATIC OVERLAYABLE
   CODE SIZE        =     51    ----
   CONSTANT SIZE    =   ----    ----
   XDATA SIZE       =   ----    ----
   PDATA SIZE       =   ----    ----
   DATA SIZE        =   ----    ----
   IDATA SIZE       =   ----    ----
   BIT SIZE         =   ----    ----
END OF MODULE INFORMATION.


C51 COMPILATION COMPLETE.  0 WARNING(S),  0 ERROR(S)
