C51 COMPILER V9.60.0.0   MAIN                                                              12/11/2022 20:38:38 PAGE 1   


C51 COMPILER V9.60.0.0, COMPILATION OF MODULE MAIN
OBJECT MODULE PLACED IN .\Objects\main.obj
COMPILER INVOKED BY: D:\Keil_v5\C51\BIN\C51.EXE main.c OPTIMIZE(8,SPEED) BROWSE DEBUG OBJECTEXTEND PRINT(.\Listings\main
                    -.lst) TABS(2) OBJECT(.\Objects\main.obj)

line level    source

   1          #include <AT89X52.h>
   2          #include "Init.h"
   3          #include "delay.h"
   4          #include "reflash.h"
   5          #define uchar unsigned char
   6          
   7          extern uchar port;
   8          extern bit flagAuto;
   9          
  10          void main()
  11          {
  12   1        int num = 0;
  13   1        Init();
  14   1        while (1)
  15   1        {
  16   2          P2_5 = 1;
  17   2          flagAuto = P2_5;
  18   2          if (flagAuto == 1)
  19   2          {
  20   3            num++;
  21   3            if (num > 50)
  22   3            {
  23   4              num = 0;
  24   4              port++;
  25   4              if (port > 7)
  26   4              {
  27   5                port = 0;
  28   5              }
  29   4            }
  30   3          }
  31   2          else
  32   2          {
  33   3            num = 0;
  34   3            port = P1;
  35   3            port = port & 0x0F;
  36   3          }
  37   2          reflash();
  38   2          delay_nms(50);
  39   2        }
  40   1      }


MODULE INFORMATION:   STATIC OVERLAYABLE
   CODE SIZE        =    127    ----
   CONSTANT SIZE    =   ----    ----
   XDATA SIZE       =   ----    ----
   PDATA SIZE       =   ----    ----
   DATA SIZE        =   ----       2
   IDATA SIZE       =   ----    ----
   BIT SIZE         =   ----    ----
END OF MODULE INFORMATION.


C51 COMPILATION COMPLETE.  0 WARNING(S),  0 ERROR(S)
